<?xml version="1.0" encoding="UTF-8"?>
<!-- Generated by org.testng.reporters.JUnitReportReporter -->
<testsuite skipped="0" hostname="AIPL2807LT03573" name="Basics.APITest" tests="1" failures="0" timestamp="2020-07-21T16:43:34 IST" time="2.835" errors="0">
  <testcase name="basicApiTest" time="2.835" classname="Basics.APITest"/>
</testsuite> <!-- Basics.APITest -->
